# JRE version: Java(TM) SE Runtime Environment (8.0_144-b01) (build 1.8.0_144-b01)
# Java VM: Java HotSpot(TM) Client VM (25.144-b01 mixed mode windows-x86 )
Heap:
 def new generation   total 50176K, used 16005K [0x10400000, 0x13a70000, 0x1aea0000)
  eden space 44608K,  34% used [0x10400000, 0x112f0540, 0x12f90000)
  from space 5568K,  12% used [0x12f90000, 0x130410e8, 0x13500000)
  to   space 5568K,   0% used [0x13500000, 0x13500000, 0x13a70000)
 tenured generation   total 111376K, used 100626K [0x1aea0000, 0x21b64000, 0x30400000)
   the space 111376K,  90% used [0x1aea0000, 0x210e4810, 0x210e4a00, 0x21b64000)
 Metaspace       used 19591K, capacity 20237K, committed 20608K, reserved 20864K
GC Heap History (10 events):
Event: 80989.902 GC heap before
{Heap before GC invocations=290 (full 4):
 def new generation   total 50176K, used 38608K [0x10400000, 0x13a70000, 0x1aea0000)
  eden space 44608K,  85% used [0x10400000, 0x1294ea48, 0x12f90000)
  from space 5568K,   7% used [0x13500000, 0x13565658, 0x13a70000)
  to   space 5568K,   0% used [0x12f90000, 0x12f90000, 0x13500000)
 tenured generation   total 111376K, used 74907K [0x1aea0000, 0x21b64000, 0x30400000)
   the space 111376K,  67% used [0x1aea0000, 0x1f7c6c80, 0x1f7c6e00, 0x21b64000)
 Metaspace       used 19591K, capacity 20237K, committed 20608K, reserved 20864K
Event: 80989.905 GC heap after
Heap after GC invocations=291 (full 4):
 def new generation   total 50176K, used 1042K [0x10400000, 0x13a70000, 0x1aea0000)
  eden space 44608K,   0% used [0x10400000, 0x10400000, 0x12f90000)
  from space 5568K,  18% used [0x12f90000, 0x130949e8, 0x13500000)
  to   space 5568K,   0% used [0x13500000, 0x13500000, 0x13a70000)
 tenured generation   total 111376K, used 86820K [0x1aea0000, 0x21b64000, 0x30400000)
   the space 111376K,  77% used [0x1aea0000, 0x20369350, 0x20369400, 0x21b64000)
 Metaspace       used 19591K, capacity 20237K, committed 20608K, reserved 20864K
}
Event: 81029.380 GC heap before
{Heap before GC invocations=291 (full 4):
 def new generation   total 50176K, used 45650K [0x10400000, 0x13a70000, 0x1aea0000)
  eden space 44608K, 100% used [0x10400000, 0x12f90000, 0x12f90000)
  from space 5568K,  18% used [0x12f90000, 0x130949e8, 0x13500000)
  to   space 5568K,   0% used [0x13500000, 0x13500000, 0x13a70000)
 tenured generation   total 111376K, used 86820K [0x1aea0000, 0x21b64000, 0x30400000)
   the space 111376K,  77% used [0x1aea0000, 0x20369350, 0x20369400, 0x21b64000)
 Metaspace       used 19591K, capacity 20237K, committed 20608K, reserved 20864K
Event: 81029.384 GC heap after
Heap after GC invocations=292 (full 4):
 def new generation   total 50176K, used 1972K [0x10400000, 0x13a70000, 0x1aea0000)
  eden space 44608K,   0% used [0x10400000, 0x10400000, 0x12f90000)
  from space 5568K,  35% used [0x13500000, 0x136ed3e8, 0x13a70000)
  to   space 5568K,   0% used [0x12f90000, 0x12f90000, 0x13500000)
 tenured generation   total 111376K, used 100626K [0x1aea0000, 0x21b64000, 0x30400000)
   the space 111376K,  90% used [0x1aea0000, 0x210e4810, 0x210e4a00, 0x21b64000)
 Metaspace       used 19591K, capacity 20237K, committed 20608K, reserved 20864K
}
Event: 81190.629 GC heap before
{Heap before GC invocations=292 (full 4):
 def new generation   total 50176K, used 46580K [0x10400000, 0x13a70000, 0x1aea0000)
  eden space 44608K, 100% used [0x10400000, 0x12f90000, 0x12f90000)
  from space 5568K,  35% used [0x13500000, 0x136ed3e8, 0x13a70000)
  to   space 5568K,   0% used [0x12f90000, 0x12f90000, 0x13500000)
 tenured generation   total 111376K, used 100626K [0x1aea0000, 0x21b64000, 0x30400000)
   the space 111376K,  90% used [0x1aea0000, 0x210e4810, 0x210e4a00, 0x21b64000)
 Metaspace       used 19591K, capacity 20237K, committed 20608K, reserved 20864K
Event: 81190.631 GC heap after
Heap after GC invocations=293 (full 4):
 def new generation   total 50176K, used 1566K [0x10400000, 0x13a70000, 0x1aea0000)
  eden space 44608K,   0% used [0x10400000, 0x10400000, 0x12f90000)
  from space 5568K,  28% used [0x12f90000, 0x13117988, 0x13500000)
  to   space 5568K,   0% used [0x13500000, 0x13500000, 0x13a70000)
 tenured generation   total 111376K, used 100626K [0x1aea0000, 0x21b64000, 0x30400000)
   the space 111376K,  90% used [0x1aea0000, 0x210e4810, 0x210e4a00, 0x21b64000)
 Metaspace       used 19591K, capacity 20237K, committed 20608K, reserved 20864K
}
Event: 81494.322 GC heap before
{Heap before GC invocations=293 (full 4):
 def new generation   total 50176K, used 46174K [0x10400000, 0x13a70000, 0x1aea0000)
  eden space 44608K, 100% used [0x10400000, 0x12f90000, 0x12f90000)
  from space 5568K,  28% used [0x12f90000, 0x13117988, 0x13500000)
  to   space 5568K,   0% used [0x13500000, 0x13500000, 0x13a70000)
 tenured generation   total 111376K, used 100626K [0x1aea0000, 0x21b64000, 0x30400000)
   the space 111376K,  90% used [0x1aea0000, 0x210e4810, 0x210e4a00, 0x21b64000)
 Metaspace       used 19591K, capacity 20237K, committed 20608K, reserved 20864K
Event: 81494.323 GC heap after
Heap after GC invocations=294 (full 4):
 def new generation   total 50176K, used 703K [0x10400000, 0x13a70000, 0x1aea0000)
  eden space 44608K,   0% used [0x10400000, 0x10400000, 0x12f90000)
  from space 5568K,  12% used [0x13500000, 0x135afea8, 0x13a70000)
  to   space 5568K,   0% used [0x12f90000, 0x12f90000, 0x13500000)
 tenured generation   total 111376K, used 100626K [0x1aea0000, 0x21b64000, 0x30400000)
   the space 111376K,  90% used [0x1aea0000, 0x210e4810, 0x210e4a00, 0x21b64000)
 Metaspace       used 19591K, capacity 20237K, committed 20608K, reserved 20864K
}
Event: 81741.793 GC heap before
{Heap before GC invocations=294 (full 4):
 def new generation   total 50176K, used 37892K [0x10400000, 0x13a70000, 0x1aea0000)
  eden space 44608K,  83% used [0x10400000, 0x12851360, 0x12f90000)
  from space 5568K,  12% used [0x13500000, 0x135afea8, 0x13a70000)
  to   space 5568K,   0% used [0x12f90000, 0x12f90000, 0x13500000)
 tenured generation   total 111376K, used 100626K [0x1aea0000, 0x21b64000, 0x30400000)
   the space 111376K,  90% used [0x1aea0000, 0x210e4810, 0x210e4a00, 0x21b64000)
 Metaspace       used 19591K, capacity 20237K, committed 20608K, reserved 20864K
Event: 81741.794 GC heap after
Heap after GC invocations=295 (full 4):
 def new generation   total 50176K, used 708K [0x10400000, 0x13a70000, 0x1aea0000)
  eden space 44608K,   0% used [0x10400000, 0x10400000, 0x12f90000)
  from space 5568K,  12% used [0x12f90000, 0x130410e8, 0x13500000)
  to   space 5568K,   0% used [0x13500000, 0x13500000, 0x13a70000)
 tenured generation   total 111376K, used 100626K [0x1aea0000, 0x21b64000, 0x30400000)
   the space 111376K,  90% used [0x1aea0000, 0x210e4810, 0x210e4a00, 0x21b64000)
 Metaspace       used 19591K, capacity 20237K, committed 20608K, reserved 20864K
}

